<?xml version="1.0" encoding="UTF-8"?>
<!-- Generated by org.testng.reporters.JUnitReportReporter -->
<testsuite skipped="0" hostname="LAPTOP-019B1P89" name="com.WIM.Utility.BrowserInitial" tests="1" failures="0" timestamp="2020-09-13T20:36:13 IST" time="33.077" errors="0">
  <testcase name="startBrowsesr" time="33.077" classname="com.WIM.Utility.BrowserInitial"/>
  <system-out/>
</testsuite> <!-- com.WIM.Utility.BrowserInitial -->
