<?xml version="1.0" encoding="UTF-8"?>
<!-- Generated by org.testng.reporters.JUnitReportReporter -->
<testsuite skipped="0" hostname="LAPTOP-019B1P89" name="com.WIM.testcases.Test_Login" tests="1" failures="0" timestamp="2020-09-13T21:11:06 IST" time="34.194" errors="0">
  <testcase name="verifyLogin" time="34.194" classname="com.WIM.testcases.Test_Login"/>
  <system-out/>
</testsuite> <!-- com.WIM.testcases.Test_Login -->
